<?xml version="1.0" encoding="utf-8"?><testsuites name="pytest tests"><testsuite name="pytest" errors="0" failures="3" skipped="0" tests="17" time="7.254" timestamp="2026-02-14T23:02:57.845627+00:00" hostname="agent-env-c62e55fd-02b0-455b-9590-6fa1da57dc30"><testcase classname="backend.tests.test_ai_dashboard_accounting.TestHealthCheck" name="test_api_health" time="0.185" /><testcase classname="backend.tests.test_ai_dashboard_accounting.TestAuthentication" name="test_admin_login" time="0.366" /><testcase classname="backend.tests.test_ai_dashboard_accounting.TestAuthentication" name="test_sme_user_login" time="0.382" /><testcase classname="backend.tests.test_ai_dashboard_accounting.TestAccountingDataEndpoints" name="test_get_chart_of_accounts" time="0.521" /><testcase classname="backend.tests.test_ai_dashboard_accounting.TestAccountingDataEndpoints" name="test_get_vat_codes" time="0.521" /><testcase classname="backend.tests.test_ai_dashboard_accounting.TestAccountingDataEndpoints" name="test_get_journals" time="0.477" /><testcase classname="backend.tests.test_ai_dashboard_accounting.TestAccountingDataEndpoints" name="test_get_available_countries" time="0.505" /><testcase classname="backend.tests.test_ai_dashboard_accounting.TestAIDashboardEndpoints" name="test_ai_dashboard_stats_admin" time="0.506" /><testcase classname="backend.tests.test_ai_dashboard_accounting.TestAIDashboardEndpoints" name="test_ai_dashboard_stats_sme_denied" time="0.687" /><testcase classname="backend.tests.test_ai_dashboard_accounting.TestAIDashboardEndpoints" name="test_ai_corrections_admin" time="0.499" /><testcase classname="backend.tests.test_ai_dashboard_accounting.TestAIDashboardEndpoints" name="test_ai_corrections_sme_denied" time="0.494" /><testcase classname="backend.tests.test_ai_dashboard_accounting.TestAIDashboardEndpoints" name="test_active_companies_admin" time="0.545" /><testcase classname="backend.tests.test_ai_dashboard_accounting.TestAIDashboardEndpoints" name="test_active_companies_sme_denied" time="0.448" /><testcase classname="backend.tests.test_ai_dashboard_accounting.TestVendorAccuracyEndpoint" name="test_vendor_accuracy" time="0.616" /><testcase classname="backend.tests.test_ai_dashboard_accounting.TestAccountingDataRequiresAuth" name="test_chart_of_accounts_requires_auth" time="0.129"><failure message="AssertionError: Expected 401 without auth, got 403&#10;assert 403 == 401&#10; +  where 403 = &lt;Response [403]&gt;.status_code">backend/tests/test_ai_dashboard_accounting.py:393: in test_chart_of_accounts_requires_auth
    assert response.status_code == 401, f"Expected 401 without auth, got {response.status_code}"
E   AssertionError: Expected 401 without auth, got 403
E   assert 403 == 401
E    +  where 403 = &lt;Response [403]&gt;.status_code</failure></testcase><testcase classname="backend.tests.test_ai_dashboard_accounting.TestAccountingDataRequiresAuth" name="test_vat_codes_requires_auth" time="0.103"><failure message="AssertionError: Expected 401 without auth, got 403&#10;assert 403 == 401&#10; +  where 403 = &lt;Response [403]&gt;.status_code">backend/tests/test_ai_dashboard_accounting.py:399: in test_vat_codes_requires_auth
    assert response.status_code == 401, f"Expected 401 without auth, got {response.status_code}"
E   AssertionError: Expected 401 without auth, got 403
E   assert 403 == 401
E    +  where 403 = &lt;Response [403]&gt;.status_code</failure></testcase><testcase classname="backend.tests.test_ai_dashboard_accounting.TestAccountingDataRequiresAuth" name="test_journals_requires_auth" time="0.102"><failure message="AssertionError: Expected 401 without auth, got 403&#10;assert 403 == 401&#10; +  where 403 = &lt;Response [403]&gt;.status_code">backend/tests/test_ai_dashboard_accounting.py:405: in test_journals_requires_auth
    assert response.status_code == 401, f"Expected 401 without auth, got {response.status_code}"
E   AssertionError: Expected 401 without auth, got 403
E   assert 403 == 401
E    +  where 403 = &lt;Response [403]&gt;.status_code</failure></testcase></testsuite></testsuites>