<?xml version="1.0" encoding="utf-8"?><testsuites name="pytest tests"><testsuite name="pytest" errors="0" failures="0" skipped="2" tests="14" time="6.063" timestamp="2026-02-14T21:22:34.109722+00:00" hostname="agent-env-c62e55fd-02b0-455b-9590-6fa1da57dc30"><testcase classname="backend.tests.test_beta_features.TestHealthCheck" name="test_api_health" time="0.205" /><testcase classname="backend.tests.test_beta_features.TestUserAuthentication" name="test_login_beta_user" time="0.360" /><testcase classname="backend.tests.test_beta_features.TestUserAuthentication" name="test_register_admin_user" time="0.340" /><testcase classname="backend.tests.test_beta_features.TestFeedbackAPI" name="test_submit_feedback" time="0.471" /><testcase classname="backend.tests.test_beta_features.TestFeedbackAPI" name="test_submit_bug_report" time="0.451" /><testcase classname="backend.tests.test_beta_features.TestFeedbackAPI" name="test_submit_feature_request" time="0.488" /><testcase classname="backend.tests.test_beta_features.TestFeedbackAPI" name="test_get_feedback_requires_admin" time="0.519" /><testcase classname="backend.tests.test_beta_features.TestExportAPI" name="test_export_vouchers_csv" time="0.485"><skipped type="pytest.skip" message="No tenants available for testing">/app/backend/tests/test_beta_features.py:181: No tenants available for testing</skipped></testcase><testcase classname="backend.tests.test_beta_features.TestExportAPI" name="test_export_vouchers_pdf" time="0.459"><skipped type="pytest.skip" message="No tenants available for testing">/app/backend/tests/test_beta_features.py:207: No tenants available for testing</skipped></testcase><testcase classname="backend.tests.test_beta_features.TestExportAPI" name="test_export_invalid_tenant" time="0.444" /><testcase classname="backend.tests.test_beta_features.TestEmailLogsAPI" name="test_get_email_logs_requires_admin" time="0.447" /><testcase classname="backend.tests.test_beta_features.TestMockEmailOnRegistration" name="test_register_creates_email_log" time="0.370" /><testcase classname="backend.tests.test_beta_features.TestBetaBannerIntegration" name="test_feedback_triggers_email_notification" time="0.499" /><testcase classname="backend.tests.test_beta_features.TestDashboardWithBetaBanner" name="test_dashboard_stats" time="0.457" /></testsuite></testsuites>