<?xml version="1.0" encoding="utf-8"?><testsuites name="pytest tests"><testsuite name="pytest" errors="10" failures="1" skipped="0" tests="14" time="5.152" timestamp="2026-02-14T21:21:56.521162+00:00" hostname="agent-env-c62e55fd-02b0-455b-9590-6fa1da57dc30"><testcase classname="backend.tests.test_beta_features.TestHealthCheck" name="test_api_health" time="0.173" /><testcase classname="backend.tests.test_beta_features.TestUserAuthentication" name="test_login_beta_user" time="0.385"><failure message="AssertionError: assert 'token' in {'access_token': 'eyJhbGciOiJIUzI1NiIsInR5cCI6IkpXVCJ9.eyJzdWIiOiI3YWY2NDJiZi05MWZlLTQ1NTgtYWQ2Yi03ZjkzZTA3OGJjYmQiLCJlbWFpbCI6ImJldGF0ZXN0QGV4YW1wbGUuZGsiLCJyb2xlIjoic21lX3VzZXIiLCJleHAiOjE3NzExOTA1MTcsImlhdCI6MTc3MTEwNDExN30.y85K5E9XTSbh3OdOSP6dhxF0SPcIvz1Gtj5G_HICSRQ', 'token_type': 'bearer', 'user': {'created_at': '2026-02-14T21:19:15.330818+00:00', 'email': 'betatest@example.dk', 'id': '7af642bf-91fe-4558-ad6b-7f93e078bcbd', 'name': 'Beta Tester', ...}}">backend/tests/test_beta_features.py:44: in test_login_beta_user
    assert "token" in data
E   AssertionError: assert 'token' in {'access_token': 'eyJhbGciOiJIUzI1NiIsInR5cCI6IkpXVCJ9.eyJzdWIiOiI3YWY2NDJiZi05MWZlLTQ1NTgtYWQ2Yi03ZjkzZTA3OGJjYmQiLCJlbWFpbCI6ImJldGF0ZXN0QGV4YW1wbGUuZGsiLCJyb2xlIjoic21lX3VzZXIiLCJleHAiOjE3NzExOTA1MTcsImlhdCI6MTc3MTEwNDExN30.y85K5E9XTSbh3OdOSP6dhxF0SPcIvz1Gtj5G_HICSRQ', 'token_type': 'bearer', 'user': {'created_at': '2026-02-14T21:19:15.330818+00:00', 'email': 'betatest@example.dk', 'id': '7af642bf-91fe-4558-ad6b-7f93e078bcbd', 'name': 'Beta Tester', ...}}</failure></testcase><testcase classname="backend.tests.test_beta_features.TestUserAuthentication" name="test_register_admin_user" time="0.338" /><testcase classname="backend.tests.test_beta_features.TestFeedbackAPI" name="test_submit_feedback" time="0.340"><error message="failed on setup with &quot;KeyError: 'token'&quot;">backend/tests/test_beta_features.py:80: in auth_token
    return response.json()["token"]
           ^^^^^^^^^^^^^^^^^^^^^^^^
E   KeyError: 'token'</error></testcase><testcase classname="backend.tests.test_beta_features.TestFeedbackAPI" name="test_submit_bug_report" time="0.347"><error message="failed on setup with &quot;KeyError: 'token'&quot;">backend/tests/test_beta_features.py:80: in auth_token
    return response.json()["token"]
           ^^^^^^^^^^^^^^^^^^^^^^^^
E   KeyError: 'token'</error></testcase><testcase classname="backend.tests.test_beta_features.TestFeedbackAPI" name="test_submit_feature_request" time="0.406"><error message="failed on setup with &quot;KeyError: 'token'&quot;">backend/tests/test_beta_features.py:80: in auth_token
    return response.json()["token"]
           ^^^^^^^^^^^^^^^^^^^^^^^^
E   KeyError: 'token'</error></testcase><testcase classname="backend.tests.test_beta_features.TestFeedbackAPI" name="test_get_feedback_requires_admin" time="0.439"><error message="failed on setup with &quot;KeyError: 'token'&quot;">backend/tests/test_beta_features.py:80: in auth_token
    return response.json()["token"]
           ^^^^^^^^^^^^^^^^^^^^^^^^
E   KeyError: 'token'</error></testcase><testcase classname="backend.tests.test_beta_features.TestExportAPI" name="test_export_vouchers_csv" time="0.349"><error message="failed on setup with &quot;KeyError: 'token'&quot;">backend/tests/test_beta_features.py:167: in auth_token
    return response.json()["token"]
           ^^^^^^^^^^^^^^^^^^^^^^^^
E   KeyError: 'token'</error></testcase><testcase classname="backend.tests.test_beta_features.TestExportAPI" name="test_export_vouchers_pdf" time="0.368"><error message="failed on setup with &quot;KeyError: 'token'&quot;">backend/tests/test_beta_features.py:167: in auth_token
    return response.json()["token"]
           ^^^^^^^^^^^^^^^^^^^^^^^^
E   KeyError: 'token'</error></testcase><testcase classname="backend.tests.test_beta_features.TestExportAPI" name="test_export_invalid_tenant" time="0.363"><error message="failed on setup with &quot;KeyError: 'token'&quot;">backend/tests/test_beta_features.py:167: in auth_token
    return response.json()["token"]
           ^^^^^^^^^^^^^^^^^^^^^^^^
E   KeyError: 'token'</error></testcase><testcase classname="backend.tests.test_beta_features.TestEmailLogsAPI" name="test_get_email_logs_requires_admin" time="0.363"><error message="failed on setup with &quot;KeyError: 'token'&quot;">backend/tests/test_beta_features.py:259: in auth_token
    return response.json()["token"]
           ^^^^^^^^^^^^^^^^^^^^^^^^
E   KeyError: 'token'</error></testcase><testcase classname="backend.tests.test_beta_features.TestMockEmailOnRegistration" name="test_register_creates_email_log" time="0.342" /><testcase classname="backend.tests.test_beta_features.TestBetaBannerIntegration" name="test_feedback_triggers_email_notification" time="0.364"><error message="failed on setup with &quot;KeyError: 'token'&quot;">backend/tests/test_beta_features.py:309: in auth_token
    return response.json()["token"]
           ^^^^^^^^^^^^^^^^^^^^^^^^
E   KeyError: 'token'</error></testcase><testcase classname="backend.tests.test_beta_features.TestDashboardWithBetaBanner" name="test_dashboard_stats" time="0.394"><error message="failed on setup with &quot;KeyError: 'token'&quot;">backend/tests/test_beta_features.py:342: in auth_token
    return response.json()["token"]
           ^^^^^^^^^^^^^^^^^^^^^^^^
E   KeyError: 'token'</error></testcase></testsuite></testsuites>